[2022-07-04T14:45:06.693Z] - 200 - "GET /quadra/find/all HTTP/1.1" - ::1 - - - 347.943 ms
[2022-07-04T14:52:53.999Z] - 200 - "GET /quadra/find/all HTTP/1.1" - ::1 - - - 20.895 ms
[2022-07-04T14:59:23.997Z] - 200 - "GET /quadra/find/all HTTP/1.1" - ::1 - - - 204.050 ms
[2022-07-04T15:00:28.720Z] - 200 - "GET /quadra/find/all HTTP/1.1" - ::1 - - - 166.012 ms
[2022-07-04T15:01:49.686Z] - 200 - "GET /quadra/find/all HTTP/1.1" - ::1 - - - 18.644 ms
[2022-07-04T15:33:34.120Z] - 404 - "GET /quadra/load HTTP/1.1" - ::1 - - - 5.149 ms
[2022-07-04T15:34:07.402Z] - 200 - "GET /quadra/load HTTP/1.1" - ::1 - - - 10.461 ms
[2022-07-04T15:34:54.840Z] - 200 - "GET /quadra/load HTTP/1.1" - ::1 - - - 33.516 ms
[2022-07-04T15:35:41.555Z] - 200 - "GET /quadra/load HTTP/1.1" - ::1 - - - 25.513 ms
[2022-07-04T15:39:30.860Z] - 200 - "GET /quadra/load HTTP/1.1" - ::1 - - - 11.452 ms
[2022-07-04T15:41:46.600Z] - 200 - "GET /quadra/load HTTP/1.1" - ::1 - - - 126.056 ms
[2022-07-04T15:43:16.184Z] - 200 - "GET /quadra/load HTTP/1.1" - ::1 - - - 2461.213 ms
[2022-07-04T15:49:07.783Z] - 200 - "GET /quadra/load HTTP/1.1" - ::1 - - - 4889.498 ms
[2022-07-04T15:49:34.078Z] - 200 - "GET /quadra/find/all HTTP/1.1" - ::1 - - - 653.291 ms
[2022-07-04T15:56:22.644Z] - 200 - "GET /quadra/load HTTP/1.1" - ::1 - - - 10.911 ms
[2022-07-05T12:13:23.111Z] - 200 - "GET /quadra/load HTTP/1.1" - ::1 - - - 101.777 ms
[2022-07-05T12:28:16.444Z] - 500 - "GET /quadra/load HTTP/1.1" - ::1 - - - 105.948 ms
[2022-07-05T12:28:42.301Z] - 200 - "GET /quadra/load HTTP/1.1" - ::1 - - - 968.816 ms
[2022-07-05T12:30:16.049Z] - 200 - "GET /quadra/load HTTP/1.1" - ::1 - - - 196.993 ms
[2022-07-05T12:30:50.257Z] - 200 - "GET /quadra/load HTTP/1.1" - ::1 - - - 280.198 ms
[2022-07-05T12:32:03.772Z] - 200 - "GET /quadra/load HTTP/1.1" - ::1 - - - 202.957 ms
[2022-07-05T12:58:00.904Z] - 500 - "GET /quadra/load HTTP/1.1" - ::1 - - - 212.276 ms
[2022-07-05T13:09:07.572Z] - 500 - "GET /quadra/load HTTP/1.1" - ::1 - - - 194.983 ms
[2022-07-05T13:09:30.465Z] - 200 - "GET /quadra/load HTTP/1.1" - ::1 - - - 195.772 ms
[2022-07-05T13:44:26.105Z] - 200 - "GET /quadra/load HTTP/1.1" - ::1 - - - 9.744 ms
[2022-07-05T13:45:14.420Z] - 200 - "GET /quadra/load HTTP/1.1" - ::1 - - - 17.351 ms
[2022-07-05T13:46:38.531Z] - 200 - "GET /quadra/load HTTP/1.1" - ::1 - - - 9.771 ms
[2022-07-05T14:09:09.775Z] - 200 - "GET /quadra/load HTTP/1.1" - ::1 - - - 9.664 ms
[2022-07-05T14:11:05.270Z] - 200 - "GET /quadra/load HTTP/1.1" - ::1 - - - 16.415 ms
[2022-07-05T14:11:46.619Z] - 200 - "GET /quadra/load HTTP/1.1" - ::1 - - - 11.133 ms
[2022-07-05T14:24:50.301Z] - 200 - "GET /quadra/load HTTP/1.1" - ::1 - - - 10.262 ms
[2022-07-05T14:26:59.415Z] - 200 - "GET /quadra/load HTTP/1.1" - ::1 - - - 17.744 ms
[2022-07-05T14:28:18.811Z] - 200 - "GET /quadra/load HTTP/1.1" - ::1 - - - 10.591 ms
[2022-07-05T14:29:01.023Z] - 200 - "GET /quadra/load HTTP/1.1" - ::1 - - - 12.335 ms
[2022-07-05T14:33:22.041Z] - 200 - "GET /quadra/load HTTP/1.1" - ::1 - - - 13.299 ms
[2022-07-05T14:34:44.748Z] - 200 - "GET /quadra/load HTTP/1.1" - ::1 - - - 9.682 ms
[2022-07-05T14:39:01.578Z] - 200 - "GET /quadra/load HTTP/1.1" - ::1 - - - 8.801 ms
[2022-07-05T15:16:01.498Z] - 200 - "GET /quadra/load HTTP/1.1" - ::1 - - - 12.049 ms
[2022-07-05T15:17:30.827Z] - 200 - "GET /quadra/load HTTP/1.1" - ::1 - - - 11.704 ms
[2022-07-05T15:18:40.542Z] - 200 - "GET /quadra/find/all HTTP/1.1" - ::1 - - - 30.360 ms
[2022-07-05T15:26:01.472Z] - 200 - "GET /quadra/find/all HTTP/1.1" - ::1 - - - 25.159 ms
[2022-07-05T15:26:07.312Z] - 200 - "GET /quadra/load HTTP/1.1" - ::1 - - - 3.987 ms
[2022-07-05T15:28:08.977Z] - 200 - "GET /quadra/find/all HTTP/1.1" - ::1 - - - 31.203 ms
[2022-07-05T15:39:12.751Z] - 200 - "GET /quadra/find/all HTTP/1.1" - ::1 - - - 193.552 ms
[2022-07-05T15:39:15.490Z] - 200 - "GET /quadra/load HTTP/1.1" - ::1 - - - 7.747 ms
[2022-07-05T15:40:30.831Z] - 200 - "GET /quadra/find/all HTTP/1.1" - ::1 - - - 173.292 ms
[2022-07-05T15:52:12.637Z] - 200 - "GET /quadra/load HTTP/1.1" - ::1 - - - 12.696 ms
[2022-07-05T15:56:04.556Z] - 200 - "GET /quadra/load HTTP/1.1" - ::1 - - - 8.889 ms
[2022-07-05T15:57:43.161Z] - 200 - "GET /quadra/find/all HTTP/1.1" - ::1 - - - 188.355 ms
[2022-07-05T15:58:00.792Z] - 200 - "GET /quadra/find/all HTTP/1.1" - ::1 - - - 155.730 ms
[2022-07-05T15:59:17.057Z] - 200 - "GET /quadra/find/all HTTP/1.1" - ::1 - - - 31.951 ms
[2022-07-05T15:59:28.408Z] - 200 - "GET /quadra/find/all HTTP/1.1" - ::1 - - - 35.030 ms
[2022-07-05T16:00:23.615Z] - 200 - "GET /quadra/find/all HTTP/1.1" - ::1 - - - 38.711 ms
[2022-07-05T16:09:56.429Z] - 200 - "GET /quadra/load HTTP/1.1" - ::1 - - - 12.214 ms
[2022-07-05T16:10:57.611Z] - 200 - "GET /quadra/load HTTP/1.1" - ::1 - - - 10.117 ms
[2022-07-05T16:11:48.376Z] - 200 - "GET /quadra/load HTTP/1.1" - ::1 - - - 16.256 ms
[2022-07-05T16:12:28.223Z] - 200 - "GET /quadra/load HTTP/1.1" - ::1 - - - 14.798 ms
[2022-07-05T16:13:18.582Z] - 200 - "GET /quadra/load HTTP/1.1" - ::1 - - - 10.857 ms
[2022-07-05T16:13:59.239Z] - 200 - "GET /quadra/load HTTP/1.1" - ::1 - - - 12.979 ms
[2022-07-05T16:15:08.352Z] - 200 - "GET /quadra/find/all HTTP/1.1" - ::1 - - - 261.732 ms
[2022-07-05T16:16:50.629Z] - 200 - "GET /quadra/find/all HTTP/1.1" - ::1 - - - 40.531 ms
[2022-07-05T16:17:23.774Z] - 200 - "GET /quadra/find/all HTTP/1.1" - ::1 - - - 24.134 ms
[2022-07-05T16:18:01.139Z] - 200 - "GET /quadra/find/all HTTP/1.1" - ::1 - - - 173.859 ms
[2022-07-05T16:18:05.449Z] - 200 - "GET /quadra/find/all HTTP/1.1" - ::1 - - - 7.781 ms
[2022-07-05T16:18:09.765Z] - 200 - "GET /quadra/find/all HTTP/1.1" - ::1 - - - 450.985 ms
[2022-07-05T17:01:45.330Z] - 200 - "GET /quadra/find/all HTTP/1.1" - ::1 - - - 216.823 ms
[2022-07-05T17:01:45.568Z] - 404 - "GET /favicon.ico HTTP/1.1" - ::1 - - - 5.258 ms
[2022-07-06T11:51:38.184Z] - 200 - "GET /quadra/find/all HTTP/1.1" - ::1 - - - 14.680 ms
[2022-07-06T12:02:34.658Z] - 200 - "GET /quadra/find/all HTTP/1.1" - ::1 - - - 16.094 ms
[2022-07-06T12:03:31.598Z] - 200 - "GET /quadra/find/all HTTP/1.1" - ::1 - - - 14.721 ms
[2022-07-07T10:57:10.438Z] - 200 - "GET /load/quadras HTTP/1.1" - ::1 - - - 9.703 ms
[2022-07-07T10:57:27.892Z] - 200 - "GET /load/testada HTTP/1.1" - ::1 - - - 11.649 ms
